<?xml version="1.0" encoding="UTF-8"?>
<!-- Generated by org.testng.reporters.JUnitReportReporter -->
<testsuite skipped="1" hostname="DESKTOP-R0QK2O8" name="day7.BasicTesting" tests="4" failures="0" timestamp="16 Dec 2018 15:08:43 GMT" time="0.042" errors="0">
  <testcase name="testcase1" time="0.029" classname="day7.BasicTesting"/>
  <testcase name="testcase4" time="0.006" classname="day7.BasicTesting"/>
  <testcase name="testcase3" time="0.007" classname="day7.BasicTesting"/>
  <testcase name="testcase2" classname="day7.BasicTesting">
    <skipped/>
  </testcase> <!-- testcase2 -->
</testsuite> <!-- day7.BasicTesting -->
