<?xml version="1.0" encoding="UTF-8"?>
<!-- Generated by org.testng.reporters.JUnitReportReporter -->
<testsuite skipped="0" hostname="DESKTOP-R0QK2O8" name="day8.BasicTesting2" tests="2" failures="0" timestamp="16 Dec 2018 15:52:52 GMT" time="0.014" errors="0">
  <testcase name="testcase1" time="0.007" classname="day8.BasicTesting2"/>
  <testcase name="testcase3" time="0.007" classname="day8.BasicTesting2"/>
</testsuite> <!-- day8.BasicTesting2 -->
