<?xml version="1.0" encoding="UTF-8"?>
<!-- Generated by org.testng.reporters.JUnitReportReporter -->
<testsuite skipped="0" hostname="DESKTOP-R0QK2O8" name="day8.DataProviderTesting" tests="6" failures="0" timestamp="16 Dec 2018 16:36:18 GMT" time="0.057" errors="0">
  <testcase name="printTestData" time="0.004" classname="day8.DataProviderTesting"/>
  <testcase name="printTestData" time="0.024" classname="day8.DataProviderTesting"/>
  <testcase name="printTestData" time="0.012" classname="day8.DataProviderTesting"/>
  <testcase name="printTestData" time="0.005" classname="day8.DataProviderTesting"/>
  <testcase name="printTestData" time="0.003" classname="day8.DataProviderTesting"/>
  <testcase name="printTestData" time="0.009" classname="day8.DataProviderTesting"/>
</testsuite> <!-- day8.DataProviderTesting -->
